2024-12-27 14:29:29,446 - INFO - Weapons detected: [(26, 8, 370, 149, 0.5822949409484863), (600, 294, 639, 480, 0.5437447428703308)]
2024-12-27 14:29:30,258 - INFO - Weapons detected: [(3, 0, 637, 88, 0.7794012427330017)]
2024-12-27 14:29:30,993 - INFO - Weapons detected: [(3, 0, 635, 95, 0.7817400097846985)]
2024-12-27 14:29:31,893 - INFO - Weapons detected: [(2, 0, 631, 86, 0.7667916417121887)]
2024-12-27 14:29:32,641 - INFO - Weapons detected: [(2, 0, 636, 87, 0.7178242802619934)]
2024-12-27 14:29:33,362 - INFO - Weapons detected: [(2, 0, 638, 87, 0.7057307362556458)]
2024-12-27 14:29:34,151 - INFO - Weapons detected: [(554, 37, 639, 473, 0.5349270105361938)]
2024-12-27 14:29:48,495 - INFO - Weapons detected: [(166, 0, 634, 480, 0.551340639591217), (519, 122, 583, 416, 0.5153042078018188)]
2024-12-27 14:29:49,998 - INFO - Unknown person detected.
2024-12-27 14:29:50,212 - INFO - Weapons detected: [(172, 0, 634, 480, 0.7014586925506592)]
2024-12-27 14:29:50,918 - INFO - Weapons detected: [(140, 0, 636, 480, 0.615851879119873)]
2024-12-27 14:29:51,820 - INFO - Weapons detected: [(173, 0, 635, 476, 0.5502784252166748)]
2024-12-27 14:29:52,619 - INFO - Weapons detected: [(430, 0, 604, 480, 0.5713950395584106)]
2024-12-27 14:29:54,927 - INFO - Unknown person detected.
2024-12-27 14:29:54,927 - INFO - Unknown person detected.
2024-12-27 14:29:56,659 - INFO - Unknown person detected.
2024-12-27 14:29:59,202 - INFO - Unknown person detected.
2024-12-27 14:30:00,995 - INFO - Unknown person detected.
2024-12-27 14:30:07,697 - INFO - Weapons detected: [(0, 11, 397, 473, 0.6841375231742859)]
2024-12-27 14:30:16,678 - WARNING - Blacklisted person detected: Ankit Sharma
2024-12-27 14:30:24,757 - INFO - Weapons detected: [(2, 50, 506, 480, 0.5393936038017273)]
2024-12-27 14:30:26,547 - INFO - Weapons detected: [(15, 71, 597, 480, 0.6776866912841797)]
2024-12-27 14:30:28,179 - INFO - Weapons detected: [(422, 1, 630, 480, 0.5794487595558167)]
2024-12-27 14:30:28,916 - INFO - Weapons detected: [(1, 19, 629, 479, 0.7098385691642761)]
2024-12-27 14:30:30,628 - INFO - Weapons detected: [(0, 51, 580, 479, 0.6212418079376221)]
2024-12-27 14:30:35,630 - INFO - Unknown person detected.
2024-12-27 14:30:35,844 - INFO - Weapons detected: [(0, 1, 636, 479, 0.6016932129859924)]
2024-12-27 14:30:38,777 - INFO - Unknown person detected.
2024-12-27 14:30:41,592 - INFO - Unknown person detected.
2024-12-27 14:31:19,235 - INFO - Weapons detected: [(25, 1, 558, 312, 0.5731026530265808)]
2024-12-27 14:31:20,733 - INFO - Weapons detected: [(3, 108, 618, 318, 0.5493751764297485)]
2024-12-27 14:31:21,495 - INFO - Weapons detected: [(3, 76, 552, 316, 0.6355658173561096)]
2024-12-27 14:31:39,590 - INFO - Weapons detected: [(108, 161, 504, 304, 0.6397358775138855)]
2024-12-27 14:31:40,392 - INFO - Weapons detected: [(109, 163, 504, 306, 0.6541971564292908)]
2024-12-27 14:31:41,125 - INFO - Weapons detected: [(105, 203, 468, 335, 0.5579830408096313)]
2024-12-27 14:31:42,653 - INFO - Weapons detected: [(0, 127, 439, 291, 0.6859338283538818)]
2024-12-27 14:31:43,630 - INFO - Weapons detected: [(2, 135, 473, 312, 0.8460439443588257)]
2024-12-27 14:31:44,374 - INFO - Weapons detected: [(45, 132, 522, 316, 0.8458892703056335)]
2024-12-27 14:31:45,246 - INFO - Weapons detected: [(467, 4, 639, 478, 0.6361964344978333), (100, 0, 629, 109, 0.5913289785385132)]
2024-12-27 14:31:58,643 - INFO - Weapons detected: [(97, 0, 427, 107, 0.6748583316802979)]
2024-12-27 14:32:01,568 - INFO - Weapons detected: [(524, 3, 639, 480, 0.5598757266998291)]
2024-12-27 14:32:03,657 - INFO - Weapons detected: [(527, 0, 639, 480, 0.551007091999054)]
2024-12-27 14:32:33,093 - INFO - Weapons detected: [(8, 226, 330, 343, 0.5393329858779907)]
2024-12-27 14:32:33,880 - INFO - Weapons detected: [(7, 227, 333, 345, 0.5632370710372925)]
2024-12-27 14:32:34,636 - INFO - Weapons detected: [(3, 232, 335, 351, 0.6719025373458862)]
2024-12-27 14:32:38,575 - INFO - Weapons detected: [(1, 309, 394, 461, 0.7160590291023254)]
2024-12-27 14:32:49,326 - INFO - Weapons detected: [(0, 164, 344, 391, 0.6447517275810242)]
2024-12-27 14:32:52,794 - INFO - Weapons detected: [(98, 0, 448, 172, 0.6192293763160706)]
2024-12-27 14:32:59,087 - INFO - Weapons detected: [(103, 0, 629, 109, 0.8005797863006592)]
2024-12-27 14:33:00,910 - INFO - Weapons detected: [(103, 0, 630, 109, 0.7916640639305115)]
2024-12-27 14:33:02,676 - INFO - Weapons detected: [(104, 0, 632, 109, 0.7098198533058167)]
2024-12-27 14:33:05,005 - INFO - Weapons detected: [(103, 0, 635, 109, 0.8147681951522827)]
2024-12-27 14:33:05,683 - INFO - Weapons detected: [(103, 0, 628, 110, 0.7377842664718628)]
2024-12-27 14:33:08,846 - INFO - Weapons detected: [(0, 0, 633, 476, 0.5531957745552063)]
2024-12-27 14:33:12,505 - INFO - Weapons detected: [(103, 0, 634, 107, 0.5550770163536072)]
2024-12-27 14:33:14,387 - INFO - Weapons detected: [(100, 0, 634, 107, 0.6975958347320557)]
2024-12-27 14:33:16,986 - INFO - Weapons detected: [(101, 0, 633, 108, 0.5420300960540771)]
2024-12-27 14:33:18,717 - INFO - Weapons detected: [(101, 0, 632, 107, 0.6733084917068481)]
2024-12-27 14:33:22,822 - INFO - Weapons detected: [(101, 0, 635, 108, 0.6957784295082092)]
2024-12-27 14:33:24,570 - INFO - Weapons detected: [(101, 0, 633, 109, 0.6595852375030518)]
2024-12-27 14:33:26,578 - INFO - Weapons detected: [(103, 0, 633, 109, 0.6507335901260376)]
2024-12-27 14:33:28,208 - INFO - Weapons detected: [(104, 0, 633, 109, 0.5312801599502563)]
2024-12-27 14:33:30,691 - INFO - Weapons detected: [(99, 0, 631, 108, 0.6380293369293213)]
2024-12-27 14:33:32,370 - INFO - Weapons detected: [(99, 0, 632, 109, 0.5349594950675964)]
2024-12-27 14:33:34,772 - INFO - Weapons detected: [(101, 0, 630, 108, 0.5285845398902893)]
2024-12-27 14:33:38,619 - INFO - Weapons detected: [(101, 0, 632, 108, 0.6592932343482971)]
2024-12-27 14:33:42,051 - INFO - Weapons detected: [(103, 0, 628, 109, 0.6889490485191345)]
2024-12-27 14:33:43,627 - INFO - Weapons detected: [(102, 0, 631, 109, 0.6031114459037781)]
2024-12-27 14:33:55,503 - INFO - Weapons detected: [(0, 348, 80, 480, 0.5943302512168884)]
2024-12-27 14:33:59,553 - INFO - Weapons detected: [(1, 226, 127, 346, 0.6704411506652832)]
2024-12-27 14:34:01,550 - INFO - Weapons detected: [(0, 225, 129, 343, 0.8185684084892273)]
2024-12-27 14:34:03,551 - INFO - Weapons detected: [(0, 225, 132, 351, 0.6672993302345276), (76, 257, 259, 373, 0.6337440609931946)]
2024-12-27 14:34:05,394 - INFO - Weapons detected: [(0, 221, 124, 334, 0.6039418578147888), (64, 252, 250, 369, 0.5137959122657776)]
2024-12-27 14:34:20,117 - INFO - Weapons detected: [(105, 212, 278, 356, 0.6315962672233582)]
2024-12-27 14:34:21,705 - INFO - Weapons detected: [(83, 207, 265, 354, 0.824170708656311)]
2024-12-27 14:34:22,471 - INFO - Weapons detected: [(82, 206, 265, 355, 0.8396682143211365)]
2024-12-27 14:34:23,236 - INFO - Weapons detected: [(85, 214, 267, 357, 0.8867816925048828)]
2024-12-27 14:34:30,045 - INFO - Weapons detected: [(0, 207, 317, 329, 0.7797911763191223)]
2024-12-27 14:34:31,867 - INFO - Weapons detected: [(0, 207, 318, 328, 0.7452455759048462)]
2024-12-27 14:35:37,191 - INFO - Unknown person detected.
2024-12-27 14:35:51,423 - INFO - Unknown person detected.
2024-12-27 14:35:54,205 - INFO - Unknown person detected.
2024-12-27 14:35:54,430 - INFO - Weapons detected: [(21, 0, 618, 480, 0.5458529591560364)]
2024-12-27 14:35:59,932 - INFO - Unknown person detected.
2024-12-27 14:36:31,764 - INFO - Weapons detected: [(0, 0, 627, 480, 0.5481399893760681)]
2024-12-27 14:36:34,718 - INFO - Unknown person detected.
2024-12-27 14:36:39,141 - INFO - Unknown person detected.
2024-12-27 14:36:39,395 - INFO - Weapons detected: [(6, 1, 614, 480, 0.664330005645752)]
2024-12-27 14:36:41,873 - INFO - Unknown person detected.
2024-12-27 14:36:55,413 - INFO - Weapons detected: [(0, 11, 629, 480, 0.646751344203949)]
2024-12-27 14:36:58,350 - INFO - Unknown person detected.
2024-12-27 14:36:58,610 - INFO - Weapons detected: [(0, 4, 631, 480, 0.730520486831665)]
2024-12-27 14:37:01,419 - INFO - Unknown person detected.
2024-12-27 14:37:01,639 - INFO - Weapons detected: [(1, 15, 612, 480, 0.5846994519233704)]
2024-12-27 14:37:03,917 - INFO - Unknown person detected.
2024-12-27 14:37:26,372 - INFO - Weapons detected: [(0, 249, 155, 477, 0.6167806386947632)]
2024-12-27 14:37:30,869 - INFO - Weapons detected: [(0, 257, 186, 479, 0.5534594655036926)]
2024-12-27 14:37:52,975 - INFO - Unknown person detected.
2024-12-27 14:39:31,832 - INFO - Unknown person detected.
2024-12-27 14:40:00,113 - INFO - User pressed 'q' to exit.
2024-12-27 14:40:00,497 - INFO - Program terminated successfully.
